00:10:22.651 DEBUG PackageRelationshipCollection -Parsing relationship: /xl/_rels/workbook.xml.rels
00:10:22.668 DEBUG PackageRelationshipCollection -Parsing relationship: /_rels/.rels
00:10:22.929 TRACE XBeanDebug -Loading type system org.apache.poi.schemas.ooxml.system.ooxml
00:10:22.932 TRACE XBeanDebug -Loading type system org.apache.xmlbeans.metadata.system.sXMLCONFIG
00:10:22.933 TRACE XBeanDebug -Loading type system org.apache.xmlbeans.metadata.system.sXMLLANG
00:10:22.934 TRACE XBeanDebug -Loading type system org.apache.xmlbeans.metadata.system.sXMLSCHEMA
00:10:22.934 TRACE XBeanDebug -Loading type system org.apache.xmlbeans.metadata.system.sXMLTOOLS
00:10:22.936 TRACE XBeanDebug -Reading unresolved handles for type system org.apache.xmlbeans.metadata.system.sXMLTOOLS
00:10:22.951 TRACE XBeanDebug -Finished loading type system org.apache.xmlbeans.metadata.system.sXMLTOOLS
00:10:22.952 TRACE XBeanDebug -Reading unresolved handles for type system org.apache.xmlbeans.metadata.system.sXMLSCHEMA
00:10:22.957 TRACE XBeanDebug -Finished loading type system org.apache.xmlbeans.metadata.system.sXMLSCHEMA
00:10:22.959 TRACE XBeanDebug -Reading unresolved handles for type system org.apache.xmlbeans.metadata.system.sXMLLANG
00:10:22.960 TRACE XBeanDebug -Finished loading type system org.apache.xmlbeans.metadata.system.sXMLLANG
00:10:22.961 TRACE XBeanDebug -Reading unresolved handles for type system org.apache.xmlbeans.metadata.system.sXMLCONFIG
00:10:22.962 TRACE XBeanDebug -Finished loading type system org.apache.xmlbeans.metadata.system.sXMLCONFIG
00:10:22.963 TRACE XBeanDebug -Reading unresolved handles for type system org.apache.poi.schemas.ooxml.system.ooxml
00:10:23.008 TRACE XBeanDebug -Finished loading type system org.apache.poi.schemas.ooxml.system.ooxml
00:10:23.048 TRACE XBeanDebug -Resolving type for handle themefd26doctype
00:10:23.156 TRACE XBeanDebug -Resolving type for handle stylesheet5d8bdoctype
00:10:23.164 TRACE XBeanDebug -Resolving type for handle ctstylesheet4257type
00:10:23.171 TRACE XBeanDebug -Resolving type for handle ctfonts6623type
00:10:23.175 TRACE XBeanDebug -Resolving type for handle ctfont14d8type
00:10:23.181 TRACE XBeanDebug -Resolving type for handle ctfills2c6ftype
00:10:23.184 TRACE XBeanDebug -Resolving type for handle ctfill550ctype
00:10:23.187 TRACE XBeanDebug -Resolving type for handle ctborders0d66type
00:10:23.189 TRACE XBeanDebug -Resolving type for handle ctborderf935type
00:10:23.193 TRACE XBeanDebug -Resolving type for handle ctcellxfs1322type
00:10:23.196 TRACE XBeanDebug -Resolving type for handle ctxf97f7type
00:10:23.200 TRACE XBeanDebug -Resolving type for handle ctcellstylexfsa81ftype
00:10:23.203 TRACE XBeanDebug -Resolving type for handle ctdxfsb26atype
00:10:23.205 TRACE XBeanDebug -Resolving type for handle cttablestyles872ftype
00:10:23.209 TRACE XBeanDebug -Resolving type for handle sstf81fdoctype
00:10:23.216 TRACE XBeanDebug -Resolving type for handle ctsst44f3type
00:10:23.244 TRACE XBeanDebug -Resolving type for handle ctrsta472type
00:10:23.264 TRACE XBeanDebug -Resolving type for handle workbookec17doctype
00:10:23.271 TRACE XBeanDebug -Resolving type for handle ctworkbook83c3type
00:10:23.278 TRACE XBeanDebug -Resolving type for handle ctsheets49fdtype
00:10:23.281 TRACE XBeanDebug -Resolving type for handle ctsheet4dbetype
00:10:23.284 TRACE XBeanDebug -Resolving type for handle strelationshipid1e94type
00:10:23.287 TRACE XBeanDebug -Resolving type for handle worksheetf539doctype
00:10:23.293 TRACE XBeanDebug -Resolving type for handle ctworksheet530dtype
00:10:23.299 TRACE XBeanDebug -Resolving type for handle ctsheetdata8408type
00:10:23.303 TRACE XBeanDebug -Resolving type for handle ctrowdd39type
00:10:23.308 TRACE XBeanDebug -Resolving type for handle ctcell842btype
00:10:23.315 TRACE XBeanDebug -Resolving type for handle stcellrefe4e0type
00:10:23.326 TRACE XBeanDebug -Resolving type for handle ctcols627ctype
00:10:23.334 TRACE XBeanDebug -Resolving type for handle ctcola95ftype
00:10:23.358 TRACE XBeanDebug -Resolving type for handle stxstringf179type
00:10:23.362 TRACE XBeanDebug -Resolving type for handle stcelltypebf95type
00:10:49.665 DEBUG PackageRelationshipCollection -Parsing relationship: /xl/_rels/workbook.xml.rels
00:10:49.672 DEBUG PackageRelationshipCollection -Parsing relationship: /_rels/.rels
00:10:49.896 TRACE XBeanDebug -Loading type system org.apache.poi.schemas.ooxml.system.ooxml
00:10:49.899 TRACE XBeanDebug -Loading type system org.apache.xmlbeans.metadata.system.sXMLCONFIG
00:10:49.901 TRACE XBeanDebug -Loading type system org.apache.xmlbeans.metadata.system.sXMLLANG
00:10:49.901 TRACE XBeanDebug -Loading type system org.apache.xmlbeans.metadata.system.sXMLSCHEMA
00:10:49.902 TRACE XBeanDebug -Loading type system org.apache.xmlbeans.metadata.system.sXMLTOOLS
00:10:49.904 TRACE XBeanDebug -Reading unresolved handles for type system org.apache.xmlbeans.metadata.system.sXMLTOOLS
00:10:49.924 TRACE XBeanDebug -Finished loading type system org.apache.xmlbeans.metadata.system.sXMLTOOLS
00:10:49.926 TRACE XBeanDebug -Reading unresolved handles for type system org.apache.xmlbeans.metadata.system.sXMLSCHEMA
00:10:49.932 TRACE XBeanDebug -Finished loading type system org.apache.xmlbeans.metadata.system.sXMLSCHEMA
00:10:49.933 TRACE XBeanDebug -Reading unresolved handles for type system org.apache.xmlbeans.metadata.system.sXMLLANG
00:10:49.934 TRACE XBeanDebug -Finished loading type system org.apache.xmlbeans.metadata.system.sXMLLANG
00:10:49.935 TRACE XBeanDebug -Reading unresolved handles for type system org.apache.xmlbeans.metadata.system.sXMLCONFIG
00:10:49.936 TRACE XBeanDebug -Finished loading type system org.apache.xmlbeans.metadata.system.sXMLCONFIG
00:10:49.937 TRACE XBeanDebug -Reading unresolved handles for type system org.apache.poi.schemas.ooxml.system.ooxml
00:10:49.994 TRACE XBeanDebug -Finished loading type system org.apache.poi.schemas.ooxml.system.ooxml
00:10:49.995 TRACE XBeanDebug -Resolving type for handle themefd26doctype
00:10:50.063 TRACE XBeanDebug -Resolving type for handle stylesheet5d8bdoctype
00:10:50.068 TRACE XBeanDebug -Resolving type for handle ctstylesheet4257type
00:10:50.071 TRACE XBeanDebug -Resolving type for handle ctfonts6623type
00:10:50.074 TRACE XBeanDebug -Resolving type for handle ctfont14d8type
00:10:50.078 TRACE XBeanDebug -Resolving type for handle ctfills2c6ftype
00:10:50.081 TRACE XBeanDebug -Resolving type for handle ctfill550ctype
00:10:50.083 TRACE XBeanDebug -Resolving type for handle ctborders0d66type
00:10:50.086 TRACE XBeanDebug -Resolving type for handle ctborderf935type
00:10:50.089 TRACE XBeanDebug -Resolving type for handle ctcellxfs1322type
00:10:50.091 TRACE XBeanDebug -Resolving type for handle ctxf97f7type
00:10:50.093 TRACE XBeanDebug -Resolving type for handle ctcellstylexfsa81ftype
00:10:50.095 TRACE XBeanDebug -Resolving type for handle ctdxfsb26atype
00:10:50.098 TRACE XBeanDebug -Resolving type for handle cttablestyles872ftype
00:10:50.101 TRACE XBeanDebug -Resolving type for handle sstf81fdoctype
00:10:50.106 TRACE XBeanDebug -Resolving type for handle ctsst44f3type
00:10:50.140 TRACE XBeanDebug -Resolving type for handle ctrsta472type
00:10:50.163 TRACE XBeanDebug -Resolving type for handle workbookec17doctype
00:10:50.169 TRACE XBeanDebug -Resolving type for handle ctworkbook83c3type
00:10:50.173 TRACE XBeanDebug -Resolving type for handle ctsheets49fdtype
00:10:50.176 TRACE XBeanDebug -Resolving type for handle ctsheet4dbetype
00:10:50.178 TRACE XBeanDebug -Resolving type for handle strelationshipid1e94type
00:10:50.180 TRACE XBeanDebug -Resolving type for handle worksheetf539doctype
00:10:50.187 TRACE XBeanDebug -Resolving type for handle ctworksheet530dtype
00:10:50.206 TRACE XBeanDebug -Resolving type for handle ctsheetdata8408type
00:10:50.209 TRACE XBeanDebug -Resolving type for handle ctrowdd39type
00:10:50.213 TRACE XBeanDebug -Resolving type for handle ctcell842btype
00:10:50.219 TRACE XBeanDebug -Resolving type for handle stcellrefe4e0type
00:10:50.227 TRACE XBeanDebug -Resolving type for handle ctcols627ctype
00:10:50.235 TRACE XBeanDebug -Resolving type for handle ctcola95ftype
00:10:50.256 TRACE XBeanDebug -Resolving type for handle stxstringf179type
00:10:50.259 TRACE XBeanDebug -Resolving type for handle stcelltypebf95type
